{"C:\\JsEx\\Sanbox_2\\Module32-websocket\\client\\src\\index.tsx": {"path":"C:\\JsEx\\Sanbox_2\\Module32-websocket\\client\\src\\index.tsx","statementMap":{"0":{"start":{"line":7,"column":0},"end":{"line":14,"column":2}}},"fnMap":{},"branchMap":{},"s":{"0":0},"f":{},"b":{}}
,"C:\\JsEx\\Sanbox_2\\Module32-websocket\\client\\src\\components\\App.tsx": {"path":"C:\\JsEx\\Sanbox_2\\Module32-websocket\\client\\src\\components\\App.tsx","statementMap":{"0":{"start":{"line":15,"column":1},"end":{"line":29,"column":3}}},"fnMap":{"0":{"name":"App","decl":{"start":{"line":14,"column":9},"end":{"line":14,"column":12}},"loc":{"start":{"line":14,"column":15},"end":{"line":30,"column":1}},"line":14}},"branchMap":{},"s":{"0":2},"f":{"0":2},"b":{},"_coverageSchema":"1a1c01bbd47fc00a2c39e90264f33305004495a9","hash":"50e4577afe5760bd7c240d22581d4d567be80345"}
,"C:\\JsEx\\Sanbox_2\\Module32-websocket\\client\\src\\components\\Footer.tsx": {"path":"C:\\JsEx\\Sanbox_2\\Module32-websocket\\client\\src\\components\\Footer.tsx","statementMap":{"0":{"start":{"line":8,"column":1},"end":{"line":23,"column":3}}},"fnMap":{"0":{"name":"Footer","decl":{"start":{"line":7,"column":9},"end":{"line":7,"column":15}},"loc":{"start":{"line":7,"column":18},"end":{"line":24,"column":1}},"line":7}},"branchMap":{},"s":{"0":1},"f":{"0":1},"b":{},"_coverageSchema":"1a1c01bbd47fc00a2c39e90264f33305004495a9","hash":"318efda49540188e5402eb31bb45469bbcba9b9c"}
,"C:\\JsEx\\Sanbox_2\\Module32-websocket\\client\\src\\components\\Header.tsx": {"path":"C:\\JsEx\\Sanbox_2\\Module32-websocket\\client\\src\\components\\Header.tsx","statementMap":{"0":{"start":{"line":5,"column":16},"end":{"line":7,"column":2}},"1":{"start":{"line":6,"column":2},"end":{"line":6,"column":23}},"2":{"start":{"line":9,"column":1},"end":{"line":38,"column":3}}},"fnMap":{"0":{"name":"Header","decl":{"start":{"line":4,"column":9},"end":{"line":4,"column":15}},"loc":{"start":{"line":4,"column":18},"end":{"line":39,"column":1}},"line":4},"1":{"name":"(anonymous_1)","decl":{"start":{"line":5,"column":16},"end":{"line":5,"column":17}},"loc":{"start":{"line":5,"column":22},"end":{"line":7,"column":2}},"line":5}},"branchMap":{"0":{"loc":{"start":{"line":27,"column":5},"end":{"line":35,"column":5}},"type":"cond-expr","locations":[{"start":{"line":28,"column":5},"end":{"line":30,"column":14}},{"start":{"line":32,"column":5},"end":{"line":34,"column":14}}],"line":27}},"s":{"0":1,"1":0,"2":1},"f":{"0":1,"1":0},"b":{"0":[0,1]},"_coverageSchema":"1a1c01bbd47fc00a2c39e90264f33305004495a9","hash":"0cf5327daa8c2fb5c1babe29d978adc844700742"}
,"C:\\JsEx\\Sanbox_2\\Module32-websocket\\client\\src\\components\\HeaderUser.tsx": {"path":"C:\\JsEx\\Sanbox_2\\Module32-websocket\\client\\src\\components\\HeaderUser.tsx","statementMap":{"0":{"start":{"line":6,"column":1},"end":{"line":43,"column":3}}},"fnMap":{"0":{"name":"HeaderUser","decl":{"start":{"line":5,"column":9},"end":{"line":5,"column":19}},"loc":{"start":{"line":5,"column":22},"end":{"line":44,"column":1}},"line":5}},"branchMap":{},"s":{"0":0},"f":{"0":0},"b":{},"_coverageSchema":"1a1c01bbd47fc00a2c39e90264f33305004495a9","hash":"e25594f75ee3b1af55cc991a6d91c382eee7c1ff"}
,"C:\\JsEx\\Sanbox_2\\Module32-websocket\\client\\src\\components\\setupTests.tsx": {"path":"C:\\JsEx\\Sanbox_2\\Module32-websocket\\client\\src\\components\\setupTests.tsx","statementMap":{},"fnMap":{},"branchMap":{},"s":{},"f":{},"b":{}}
,"C:\\JsEx\\Sanbox_2\\Module32-websocket\\client\\src\\components\\Cars\\CarsItem.tsx": {"path":"C:\\JsEx\\Sanbox_2\\Module32-websocket\\client\\src\\components\\Cars\\CarsItem.tsx","statementMap":{"0":{"start":{"line":3,"column":17},"end":{"line":14,"column":1}},"1":{"start":{"line":5,"column":1},"end":{"line":13,"column":3}}},"fnMap":{"0":{"name":"(anonymous_0)","decl":{"start":{"line":3,"column":17},"end":{"line":3,"column":18}},"loc":{"start":{"line":3,"column":42},"end":{"line":14,"column":1}},"line":3}},"branchMap":{},"s":{"0":2,"1":2},"f":{"0":2},"b":{},"_coverageSchema":"1a1c01bbd47fc00a2c39e90264f33305004495a9","hash":"1678f4982e5d7e680a1abca2616398fa68d9bb35"}
,"C:\\JsEx\\Sanbox_2\\Module32-websocket\\client\\src\\components\\Cars\\index.tsx": {"path":"C:\\JsEx\\Sanbox_2\\Module32-websocket\\client\\src\\components\\Cars\\index.tsx","statementMap":{"0":{"start":{"line":13,"column":20},"end":{"line":80,"column":1}},"1":{"start":{"line":14,"column":18},"end":{"line":14,"column":31}},"2":{"start":{"line":16,"column":25},"end":{"line":16,"column":37}},"3":{"start":{"line":17,"column":35},"end":{"line":17,"column":47}},"4":{"start":{"line":18,"column":31},"end":{"line":18,"column":43}},"5":{"start":{"line":19,"column":25},"end":{"line":19,"column":37}},"6":{"start":{"line":21,"column":29},"end":{"line":23,"column":2}},"7":{"start":{"line":22,"column":18},"end":{"line":22,"column":40}},"8":{"start":{"line":26,"column":2},"end":{"line":26,"column":40}},"9":{"start":{"line":30,"column":2},"end":{"line":30,"column":25}},"10":{"start":{"line":32,"column":1},"end":{"line":32,"column":27}},"11":{"start":{"line":34,"column":1},"end":{"line":79,"column":3}},"12":{"start":{"line":40,"column":30},"end":{"line":40,"column":53}},"13":{"start":{"line":47,"column":41},"end":{"line":47,"column":69}},"14":{"start":{"line":48,"column":41},"end":{"line":48,"column":67}},"15":{"start":{"line":49,"column":30},"end":{"line":49,"column":53}},"16":{"start":{"line":72,"column":37},"end":{"line":72,"column":75}}},"fnMap":{"0":{"name":"(anonymous_0)","decl":{"start":{"line":13,"column":20},"end":{"line":13,"column":21}},"loc":{"start":{"line":13,"column":26},"end":{"line":80,"column":1}},"line":13},"1":{"name":"(anonymous_1)","decl":{"start":{"line":22,"column":2},"end":{"line":22,"column":3}},"loc":{"start":{"line":22,"column":18},"end":{"line":22,"column":40}},"line":22},"2":{"name":"btnOnClick","decl":{"start":{"line":25,"column":10},"end":{"line":25,"column":20}},"loc":{"start":{"line":25,"column":23},"end":{"line":27,"column":2}},"line":25},"3":{"name":"btnGetAllCars","decl":{"start":{"line":29,"column":10},"end":{"line":29,"column":23}},"loc":{"start":{"line":29,"column":26},"end":{"line":31,"column":2}},"line":29},"4":{"name":"(anonymous_4)","decl":{"start":{"line":40,"column":23},"end":{"line":40,"column":24}},"loc":{"start":{"line":40,"column":30},"end":{"line":40,"column":53}},"line":40},"5":{"name":"(anonymous_5)","decl":{"start":{"line":47,"column":34},"end":{"line":47,"column":35}},"loc":{"start":{"line":47,"column":41},"end":{"line":47,"column":69}},"line":47},"6":{"name":"(anonymous_6)","decl":{"start":{"line":48,"column":34},"end":{"line":48,"column":35}},"loc":{"start":{"line":48,"column":41},"end":{"line":48,"column":67}},"line":48},"7":{"name":"(anonymous_7)","decl":{"start":{"line":49,"column":23},"end":{"line":49,"column":24}},"loc":{"start":{"line":49,"column":30},"end":{"line":49,"column":53}},"line":49},"8":{"name":"(anonymous_8)","decl":{"start":{"line":72,"column":22},"end":{"line":72,"column":23}},"loc":{"start":{"line":72,"column":37},"end":{"line":72,"column":75}},"line":72}},"branchMap":{"0":{"loc":{"start":{"line":71,"column":5},"end":{"line":75,"column":5}},"type":"cond-expr","locations":[{"start":{"line":72,"column":5},"end":{"line":72,"column":76}},{"start":{"line":74,"column":5},"end":{"line":74,"column":21}}],"line":71}},"s":{"0":1,"1":0,"2":0,"3":0,"4":0,"5":0,"6":0,"7":0,"8":0,"9":0,"10":0,"11":0,"12":0,"13":0,"14":0,"15":0,"16":0},"f":{"0":0,"1":0,"2":0,"3":0,"4":0,"5":0,"6":0,"7":0,"8":0},"b":{"0":[0,0]},"_coverageSchema":"1a1c01bbd47fc00a2c39e90264f33305004495a9","hash":"20d3a34b64ae27697790bbfb5bf8815de956624b"}
,"C:\\JsEx\\Sanbox_2\\Module32-websocket\\client\\src\\components\\Chat\\Chat.tsx": {"path":"C:\\JsEx\\Sanbox_2\\Module32-websocket\\client\\src\\components\\Chat\\Chat.tsx","statementMap":{"0":{"start":{"line":9,"column":24},"end":{"line":156,"column":1}},"1":{"start":{"line":10,"column":33},"end":{"line":10,"column":56}},"2":{"start":{"line":11,"column":31},"end":{"line":11,"column":43}},"3":{"start":{"line":12,"column":39},"end":{"line":12,"column":65}},"4":{"start":{"line":13,"column":41},"end":{"line":13,"column":53}},"5":{"start":{"line":15,"column":21},"end":{"line":15,"column":57}},"6":{"start":{"line":17,"column":21},"end":{"line":20,"column":2}},"7":{"start":{"line":21,"column":1},"end":{"line":21,"column":26}},"8":{"start":{"line":24,"column":2},"end":{"line":24,"column":21}},"9":{"start":{"line":26,"column":2},"end":{"line":37,"column":4}},"10":{"start":{"line":39,"column":2},"end":{"line":39,"column":17}},"11":{"start":{"line":42,"column":1},"end":{"line":86,"column":19}},"12":{"start":{"line":43,"column":2},"end":{"line":50,"column":38}},"13":{"start":{"line":49,"column":18},"end":{"line":49,"column":26}},"14":{"start":{"line":50,"column":19},"end":{"line":50,"column":36}},"15":{"start":{"line":52,"column":17},"end":{"line":52,"column":50}},"16":{"start":{"line":53,"column":2},"end":{"line":53,"column":42}},"17":{"start":{"line":55,"column":2},"end":{"line":57,"column":4}},"18":{"start":{"line":56,"column":3},"end":{"line":56,"column":52}},"19":{"start":{"line":56,"column":29},"end":{"line":56,"column":51}},"20":{"start":{"line":59,"column":2},"end":{"line":65,"column":5}},"21":{"start":{"line":60,"column":3},"end":{"line":63,"column":4}},"22":{"start":{"line":61,"column":4},"end":{"line":61,"column":36}},"23":{"start":{"line":62,"column":4},"end":{"line":62,"column":11}},"24":{"start":{"line":64,"column":3},"end":{"line":64,"column":37}},"25":{"start":{"line":67,"column":2},"end":{"line":69,"column":5}},"26":{"start":{"line":68,"column":3},"end":{"line":68,"column":76}},"27":{"start":{"line":68,"column":49},"end":{"line":68,"column":74}},"28":{"start":{"line":71,"column":2},"end":{"line":77,"column":5}},"29":{"start":{"line":72,"column":3},"end":{"line":76,"column":6}},"30":{"start":{"line":73,"column":4},"end":{"line":75,"column":42}},"31":{"start":{"line":73,"column":35},"end":{"line":73,"column":69}},"32":{"start":{"line":74,"column":5},"end":{"line":74,"column":24}},"33":{"start":{"line":75,"column":9},"end":{"line":75,"column":42}},"34":{"start":{"line":79,"column":2},"end":{"line":83,"column":5}},"35":{"start":{"line":80,"column":3},"end":{"line":82,"column":5}},"36":{"start":{"line":81,"column":4},"end":{"line":81,"column":68}},"37":{"start":{"line":81,"column":33},"end":{"line":81,"column":67}},"38":{"start":{"line":85,"column":2},"end":{"line":85,"column":35}},"39":{"start":{"line":85,"column":15},"end":{"line":85,"column":34}},"40":{"start":{"line":87,"column":1},"end":{"line":87,"column":27}},"41":{"start":{"line":88,"column":1},"end":{"line":88,"column":23}},"42":{"start":{"line":89,"column":1},"end":{"line":89,"column":26}},"43":{"start":{"line":91,"column":1},"end":{"line":155,"column":3}},"44":{"start":{"line":97,"column":7},"end":{"line":105,"column":10}},"45":{"start":{"line":101,"column":8},"end":{"line":105,"column":10}},"46":{"start":{"line":106,"column":7},"end":{"line":111,"column":24}},"47":{"start":{"line":110,"column":8},"end":{"line":110,"column":49}},"48":{"start":{"line":111,"column":12},"end":{"line":111,"column":24}},"49":{"start":{"line":121,"column":24},"end":{"line":121,"column":50}},"50":{"start":{"line":135,"column":6},"end":{"line":141,"column":7}},"51":{"start":{"line":136,"column":7},"end":{"line":140,"column":9}},"52":{"start":{"line":137,"column":42},"end":{"line":137,"column":67}},"53":{"start":{"line":142,"column":6},"end":{"line":146,"column":8}},"54":{"start":{"line":143,"column":41},"end":{"line":143,"column":66}}},"fnMap":{"0":{"name":"(anonymous_0)","decl":{"start":{"line":9,"column":24},"end":{"line":9,"column":25}},"loc":{"start":{"line":9,"column":30},"end":{"line":156,"column":1}},"line":9},"1":{"name":"onSubmit","decl":{"start":{"line":23,"column":10},"end":{"line":23,"column":18}},"loc":{"start":{"line":23,"column":76},"end":{"line":40,"column":2}},"line":23},"2":{"name":"(anonymous_2)","decl":{"start":{"line":42,"column":11},"end":{"line":42,"column":12}},"loc":{"start":{"line":42,"column":22},"end":{"line":86,"column":2}},"line":42},"3":{"name":"(anonymous_3)","decl":{"start":{"line":49,"column":9},"end":{"line":49,"column":10}},"loc":{"start":{"line":49,"column":18},"end":{"line":49,"column":26}},"line":49},"4":{"name":"(anonymous_4)","decl":{"start":{"line":50,"column":9},"end":{"line":50,"column":10}},"loc":{"start":{"line":50,"column":19},"end":{"line":50,"column":36}},"line":50},"5":{"name":"(anonymous_5)","decl":{"start":{"line":55,"column":23},"end":{"line":55,"column":24}},"loc":{"start":{"line":56,"column":3},"end":{"line":56,"column":52}},"line":56},"6":{"name":"(anonymous_6)","decl":{"start":{"line":56,"column":15},"end":{"line":56,"column":16}},"loc":{"start":{"line":56,"column":29},"end":{"line":56,"column":51}},"line":56},"7":{"name":"(anonymous_7)","decl":{"start":{"line":59,"column":23},"end":{"line":59,"column":24}},"loc":{"start":{"line":59,"column":47},"end":{"line":65,"column":3}},"line":59},"8":{"name":"(anonymous_8)","decl":{"start":{"line":67,"column":34},"end":{"line":67,"column":35}},"loc":{"start":{"line":67,"column":44},"end":{"line":69,"column":3}},"line":67},"9":{"name":"(anonymous_9)","decl":{"start":{"line":68,"column":18},"end":{"line":68,"column":19}},"loc":{"start":{"line":68,"column":49},"end":{"line":68,"column":74}},"line":68},"10":{"name":"(anonymous_10)","decl":{"start":{"line":71,"column":23},"end":{"line":71,"column":24}},"loc":{"start":{"line":71,"column":33},"end":{"line":77,"column":3}},"line":71},"11":{"name":"(anonymous_11)","decl":{"start":{"line":72,"column":18},"end":{"line":72,"column":19}},"loc":{"start":{"line":72,"column":49},"end":{"line":76,"column":4}},"line":72},"12":{"name":"(anonymous_12)","decl":{"start":{"line":73,"column":25},"end":{"line":73,"column":26}},"loc":{"start":{"line":73,"column":35},"end":{"line":73,"column":69}},"line":73},"13":{"name":"(anonymous_13)","decl":{"start":{"line":79,"column":32},"end":{"line":79,"column":33}},"loc":{"start":{"line":79,"column":42},"end":{"line":83,"column":3}},"line":79},"14":{"name":"(anonymous_14)","decl":{"start":{"line":80,"column":18},"end":{"line":80,"column":19}},"loc":{"start":{"line":81,"column":4},"end":{"line":81,"column":68}},"line":81},"15":{"name":"(anonymous_15)","decl":{"start":{"line":81,"column":23},"end":{"line":81,"column":24}},"loc":{"start":{"line":81,"column":33},"end":{"line":81,"column":67}},"line":81},"16":{"name":"(anonymous_16)","decl":{"start":{"line":85,"column":9},"end":{"line":85,"column":10}},"loc":{"start":{"line":85,"column":15},"end":{"line":85,"column":34}},"line":85},"17":{"name":"(anonymous_17)","decl":{"start":{"line":96,"column":19},"end":{"line":96,"column":20}},"loc":{"start":{"line":96,"column":29},"end":{"line":112,"column":7}},"line":96},"18":{"name":"(anonymous_18)","decl":{"start":{"line":121,"column":17},"end":{"line":121,"column":18}},"loc":{"start":{"line":121,"column":24},"end":{"line":121,"column":50}},"line":121},"19":{"name":"(anonymous_19)","decl":{"start":{"line":134,"column":22},"end":{"line":134,"column":23}},"loc":{"start":{"line":134,"column":32},"end":{"line":147,"column":6}},"line":134},"20":{"name":"(anonymous_20)","decl":{"start":{"line":137,"column":36},"end":{"line":137,"column":37}},"loc":{"start":{"line":137,"column":42},"end":{"line":137,"column":67}},"line":137},"21":{"name":"(anonymous_21)","decl":{"start":{"line":143,"column":35},"end":{"line":143,"column":36}},"loc":{"start":{"line":143,"column":41},"end":{"line":143,"column":66}},"line":143}},"branchMap":{"0":{"loc":{"start":{"line":60,"column":3},"end":{"line":63,"column":4}},"type":"if","locations":[{"start":{"line":60,"column":3},"end":{"line":63,"column":4}},{"start":{"line":60,"column":3},"end":{"line":63,"column":4}}],"line":60},"1":{"loc":{"start":{"line":73,"column":4},"end":{"line":75,"column":42}},"type":"if","locations":[{"start":{"line":73,"column":4},"end":{"line":75,"column":42}},{"start":{"line":73,"column":4},"end":{"line":75,"column":42}}],"line":73},"2":{"loc":{"start":{"line":95,"column":6},"end":{"line":115,"column":6}},"type":"cond-expr","locations":[{"start":{"line":96,"column":6},"end":{"line":112,"column":8}},{"start":{"line":114,"column":6},"end":{"line":114,"column":34}}],"line":95},"3":{"loc":{"start":{"line":95,"column":6},"end":{"line":95,"column":41}},"type":"binary-expr","locations":[{"start":{"line":95,"column":6},"end":{"line":95,"column":25}},{"start":{"line":95,"column":29},"end":{"line":95,"column":41}}],"line":95},"4":{"loc":{"start":{"line":97,"column":7},"end":{"line":105,"column":10}},"type":"if","locations":[{"start":{"line":97,"column":7},"end":{"line":105,"column":10}},{"start":{"line":97,"column":7},"end":{"line":105,"column":10}}],"line":97},"5":{"loc":{"start":{"line":98,"column":8},"end":{"line":99,"column":40}},"type":"binary-expr","locations":[{"start":{"line":98,"column":8},"end":{"line":98,"column":41}},{"start":{"line":99,"column":8},"end":{"line":99,"column":40}}],"line":98},"6":{"loc":{"start":{"line":106,"column":7},"end":{"line":111,"column":24}},"type":"if","locations":[{"start":{"line":106,"column":7},"end":{"line":111,"column":24}},{"start":{"line":106,"column":7},"end":{"line":111,"column":24}}],"line":106},"7":{"loc":{"start":{"line":107,"column":8},"end":{"line":108,"column":43}},"type":"binary-expr","locations":[{"start":{"line":107,"column":8},"end":{"line":107,"column":38}},{"start":{"line":108,"column":8},"end":{"line":108,"column":43}}],"line":107},"8":{"loc":{"start":{"line":135,"column":6},"end":{"line":141,"column":7}},"type":"if","locations":[{"start":{"line":135,"column":6},"end":{"line":141,"column":7}},{"start":{"line":135,"column":6},"end":{"line":141,"column":7}}],"line":135}},"s":{"0":1,"1":0,"2":0,"3":0,"4":0,"5":0,"6":0,"7":0,"8":0,"9":0,"10":0,"11":0,"12":0,"13":0,"14":0,"15":0,"16":0,"17":0,"18":0,"19":0,"20":0,"21":0,"22":0,"23":0,"24":0,"25":0,"26":0,"27":0,"28":0,"29":0,"30":0,"31":0,"32":0,"33":0,"34":0,"35":0,"36":0,"37":0,"38":0,"39":0,"40":0,"41":0,"42":0,"43":0,"44":0,"45":0,"46":0,"47":0,"48":0,"49":0,"50":0,"51":0,"52":0,"53":0,"54":0},"f":{"0":0,"1":0,"2":0,"3":0,"4":0,"5":0,"6":0,"7":0,"8":0,"9":0,"10":0,"11":0,"12":0,"13":0,"14":0,"15":0,"16":0,"17":0,"18":0,"19":0,"20":0,"21":0},"b":{"0":[0,0],"1":[0,0],"2":[0,0],"3":[0,0],"4":[0,0],"5":[0,0],"6":[0,0],"7":[0,0],"8":[0,0]},"_coverageSchema":"1a1c01bbd47fc00a2c39e90264f33305004495a9","hash":"205dd60efcf8104bbc78863b15e62e571b701ff1"}
,"C:\\JsEx\\Sanbox_2\\Module32-websocket\\client\\src\\components\\Main\\Main.tsx": {"path":"C:\\JsEx\\Sanbox_2\\Module32-websocket\\client\\src\\components\\Main\\Main.tsx","statementMap":{"0":{"start":{"line":13,"column":1},"end":{"line":76,"column":3}}},"fnMap":{"0":{"name":"Main","decl":{"start":{"line":12,"column":9},"end":{"line":12,"column":13}},"loc":{"start":{"line":12,"column":16},"end":{"line":77,"column":1}},"line":12}},"branchMap":{},"s":{"0":1},"f":{"0":1},"b":{},"_coverageSchema":"1a1c01bbd47fc00a2c39e90264f33305004495a9","hash":"defe409fc50c352d687ff06e3da5e2d1497980e4"}
,"C:\\JsEx\\Sanbox_2\\Module32-websocket\\client\\src\\components\\Payment\\Payment.tsx": {"path":"C:\\JsEx\\Sanbox_2\\Module32-websocket\\client\\src\\components\\Payment\\Payment.tsx","statementMap":{"0":{"start":{"line":12,"column":29},"end":{"line":12,"column":41}},"1":{"start":{"line":13,"column":49},"end":{"line":13,"column":64}},"2":{"start":{"line":15,"column":2},"end":{"line":15,"column":36}},"3":{"start":{"line":16,"column":23},"end":{"line":77,"column":2}},"4":{"start":{"line":19,"column":2},"end":{"line":19,"column":21}},"5":{"start":{"line":20,"column":2},"end":{"line":20,"column":33}},"6":{"start":{"line":21,"column":2},"end":{"line":74,"column":3}},"7":{"start":{"line":22,"column":3},"end":{"line":73,"column":7}},"8":{"start":{"line":35,"column":19},"end":{"line":35,"column":27}},"9":{"start":{"line":37,"column":17},"end":{"line":37,"column":39}},"10":{"start":{"line":38,"column":5},"end":{"line":38,"column":46}},"11":{"start":{"line":40,"column":5},"end":{"line":40,"column":35}},"12":{"start":{"line":41,"column":5},"end":{"line":41,"column":31}},"13":{"start":{"line":43,"column":5},"end":{"line":72,"column":6}},"14":{"start":{"line":44,"column":32},"end":{"line":56,"column":9}},"15":{"start":{"line":54,"column":8},"end":{"line":54,"column":48}},"16":{"start":{"line":55,"column":8},"end":{"line":55,"column":20}},"17":{"start":{"line":57,"column":6},"end":{"line":57,"column":42}},"18":{"start":{"line":59,"column":7},"end":{"line":59,"column":29}},"19":{"start":{"line":60,"column":6},"end":{"line":60,"column":53}},"20":{"start":{"line":62,"column":6},"end":{"line":67,"column":7}},"21":{"start":{"line":63,"column":7},"end":{"line":63,"column":34}},"22":{"start":{"line":64,"column":7},"end":{"line":64,"column":42}},"23":{"start":{"line":65,"column":7},"end":{"line":65,"column":34}},"24":{"start":{"line":66,"column":7},"end":{"line":66,"column":13}},"25":{"start":{"line":69,"column":6},"end":{"line":71,"column":11}},"26":{"start":{"line":70,"column":7},"end":{"line":70,"column":65}},"27":{"start":{"line":70,"column":38},"end":{"line":70,"column":63}},"28":{"start":{"line":76,"column":2},"end":{"line":76,"column":16}},"29":{"start":{"line":79,"column":1},"end":{"line":95,"column":3}},"30":{"start":{"line":87,"column":23},"end":{"line":87,"column":48}}},"fnMap":{"0":{"name":"Payment","decl":{"start":{"line":11,"column":24},"end":{"line":11,"column":31}},"loc":{"start":{"line":11,"column":63},"end":{"line":96,"column":1}},"line":11},"1":{"name":"(anonymous_1)","decl":{"start":{"line":16,"column":23},"end":{"line":16,"column":24}},"loc":{"start":{"line":18,"column":6},"end":{"line":77,"column":2}},"line":18},"2":{"name":"(anonymous_2)","decl":{"start":{"line":35,"column":10},"end":{"line":35,"column":11}},"loc":{"start":{"line":35,"column":19},"end":{"line":35,"column":27}},"line":35},"3":{"name":"(anonymous_3)","decl":{"start":{"line":36,"column":10},"end":{"line":36,"column":11}},"loc":{"start":{"line":36,"column":26},"end":{"line":73,"column":5}},"line":36},"4":{"name":"(anonymous_4)","decl":{"start":{"line":53,"column":14},"end":{"line":53,"column":15}},"loc":{"start":{"line":53,"column":25},"end":{"line":56,"column":8}},"line":53},"5":{"name":"(anonymous_5)","decl":{"start":{"line":69,"column":13},"end":{"line":69,"column":14}},"loc":{"start":{"line":69,"column":25},"end":{"line":71,"column":7}},"line":69},"6":{"name":"(anonymous_6)","decl":{"start":{"line":70,"column":25},"end":{"line":70,"column":26}},"loc":{"start":{"line":70,"column":38},"end":{"line":70,"column":63}},"line":70},"7":{"name":"(anonymous_7)","decl":{"start":{"line":87,"column":16},"end":{"line":87,"column":17}},"loc":{"start":{"line":87,"column":23},"end":{"line":87,"column":48}},"line":87}},"branchMap":{"0":{"loc":{"start":{"line":21,"column":2},"end":{"line":74,"column":3}},"type":"if","locations":[{"start":{"line":21,"column":2},"end":{"line":74,"column":3}},{"start":{"line":21,"column":2},"end":{"line":74,"column":3}}],"line":21},"1":{"loc":{"start":{"line":62,"column":6},"end":{"line":67,"column":7}},"type":"if","locations":[{"start":{"line":62,"column":6},"end":{"line":67,"column":7}},{"start":{"line":62,"column":6},"end":{"line":67,"column":7}}],"line":62}},"s":{"0":0,"1":0,"2":0,"3":0,"4":0,"5":0,"6":0,"7":0,"8":0,"9":0,"10":0,"11":0,"12":0,"13":0,"14":0,"15":0,"16":0,"17":0,"18":0,"19":0,"20":0,"21":0,"22":0,"23":0,"24":0,"25":0,"26":0,"27":0,"28":0,"29":0,"30":0},"f":{"0":0,"1":0,"2":0,"3":0,"4":0,"5":0,"6":0,"7":0},"b":{"0":[0,0],"1":[0,0]},"_coverageSchema":"1a1c01bbd47fc00a2c39e90264f33305004495a9","hash":"e9710ebba4ecf6665f3f4e32b24be8e6e0aac7c6"}
,"C:\\JsEx\\Sanbox_2\\Module32-websocket\\client\\src\\components\\QApage\\Collapsible.tsx": {"path":"C:\\JsEx\\Sanbox_2\\Module32-websocket\\client\\src\\components\\QApage\\Collapsible.tsx","statementMap":{"0":{"start":{"line":4,"column":27},"end":{"line":4,"column":42}},"1":{"start":{"line":5,"column":45},"end":{"line":5,"column":77}},"2":{"start":{"line":7,"column":19},"end":{"line":12,"column":2}},"3":{"start":{"line":8,"column":2},"end":{"line":8,"column":21}},"4":{"start":{"line":9,"column":2},"end":{"line":11,"column":70}},"5":{"start":{"line":10,"column":3},"end":{"line":10,"column":73}},"6":{"start":{"line":11,"column":7},"end":{"line":11,"column":70}},"7":{"start":{"line":14,"column":1},"end":{"line":21,"column":3}}},"fnMap":{"0":{"name":"Collapsible","decl":{"start":{"line":3,"column":24},"end":{"line":3,"column":35}},"loc":{"start":{"line":3,"column":48},"end":{"line":22,"column":1}},"line":3},"1":{"name":"(anonymous_1)","decl":{"start":{"line":7,"column":19},"end":{"line":7,"column":20}},"loc":{"start":{"line":7,"column":31},"end":{"line":12,"column":2}},"line":7}},"branchMap":{"0":{"loc":{"start":{"line":9,"column":2},"end":{"line":11,"column":70}},"type":"if","locations":[{"start":{"line":9,"column":2},"end":{"line":11,"column":70}},{"start":{"line":9,"column":2},"end":{"line":11,"column":70}}],"line":9},"1":{"loc":{"start":{"line":19,"column":4},"end":{"line":19,"column":67}},"type":"binary-expr","locations":[{"start":{"line":19,"column":4},"end":{"line":19,"column":10}},{"start":{"line":19,"column":14},"end":{"line":19,"column":67}}],"line":19}},"s":{"0":0,"1":0,"2":0,"3":0,"4":0,"5":0,"6":0,"7":0},"f":{"0":0,"1":0},"b":{"0":[0,0],"1":[0,0]},"_coverageSchema":"1a1c01bbd47fc00a2c39e90264f33305004495a9","hash":"5b59dfef0365fdee965ae512ef165f615c86e448"}
,"C:\\JsEx\\Sanbox_2\\Module32-websocket\\client\\src\\components\\QApage\\MainHeader.tsx": {"path":"C:\\JsEx\\Sanbox_2\\Module32-websocket\\client\\src\\components\\QApage\\MainHeader.tsx","statementMap":{"0":{"start":{"line":5,"column":1},"end":{"line":16,"column":3}}},"fnMap":{"0":{"name":"MainHeader","decl":{"start":{"line":4,"column":24},"end":{"line":4,"column":34}},"loc":{"start":{"line":4,"column":37},"end":{"line":17,"column":1}},"line":4}},"branchMap":{},"s":{"0":0},"f":{"0":0},"b":{},"_coverageSchema":"1a1c01bbd47fc00a2c39e90264f33305004495a9","hash":"5b8e0b8d5f2c27a036b50630552ba8f19a090950"}
,"C:\\JsEx\\Sanbox_2\\Module32-websocket\\client\\src\\components\\QApage\\QApage.tsx": {"path":"C:\\JsEx\\Sanbox_2\\Module32-websocket\\client\\src\\components\\QApage\\QApage.tsx","statementMap":{"0":{"start":{"line":9,"column":1},"end":{"line":76,"column":3}}},"fnMap":{"0":{"name":"QApage","decl":{"start":{"line":8,"column":24},"end":{"line":8,"column":30}},"loc":{"start":{"line":8,"column":33},"end":{"line":77,"column":1}},"line":8}},"branchMap":{},"s":{"0":0},"f":{"0":0},"b":{},"_coverageSchema":"1a1c01bbd47fc00a2c39e90264f33305004495a9","hash":"66bcb4077ee81751a37099a8fa9a79f243ce8888"}
,"C:\\JsEx\\Sanbox_2\\Module32-websocket\\client\\src\\components\\RecPass\\RecPass.tsx": {"path":"C:\\JsEx\\Sanbox_2\\Module32-websocket\\client\\src\\components\\RecPass\\RecPass.tsx","statementMap":{"0":{"start":{"line":6,"column":1},"end":{"line":25,"column":3}}},"fnMap":{"0":{"name":"RecPass","decl":{"start":{"line":5,"column":24},"end":{"line":5,"column":31}},"loc":{"start":{"line":5,"column":34},"end":{"line":26,"column":1}},"line":5}},"branchMap":{},"s":{"0":0},"f":{"0":0},"b":{},"_coverageSchema":"1a1c01bbd47fc00a2c39e90264f33305004495a9","hash":"bd4a9b04e82f7ea117b093efb11c71376a5bbf22"}
,"C:\\JsEx\\Sanbox_2\\Module32-websocket\\client\\src\\components\\RegForm\\AboutUser.tsx": {"path":"C:\\JsEx\\Sanbox_2\\Module32-websocket\\client\\src\\components\\RegForm\\AboutUser.tsx","statementMap":{"0":{"start":{"line":5,"column":35},"end":{"line":17,"column":3}},"1":{"start":{"line":19,"column":37},"end":{"line":19,"column":49}},"2":{"start":{"line":21,"column":18},"end":{"line":23,"column":2}},"3":{"start":{"line":22,"column":2},"end":{"line":22,"column":66}},"4":{"start":{"line":25,"column":31},"end":{"line":25,"column":43}},"5":{"start":{"line":28,"column":2},"end":{"line":28,"column":21}},"6":{"start":{"line":29,"column":2},"end":{"line":29,"column":78}},"7":{"start":{"line":29,"column":37},"end":{"line":29,"column":78}},"8":{"start":{"line":30,"column":2},"end":{"line":34,"column":62}},"9":{"start":{"line":32,"column":18},"end":{"line":32,"column":26}},"10":{"start":{"line":33,"column":19},"end":{"line":33,"column":44}},"11":{"start":{"line":34,"column":21},"end":{"line":34,"column":60}},"12":{"start":{"line":37,"column":1},"end":{"line":37,"column":22}},"13":{"start":{"line":38,"column":1},"end":{"line":186,"column":3}},"14":{"start":{"line":173,"column":23},"end":{"line":173,"column":52}}},"fnMap":{"0":{"name":"AboutUser","decl":{"start":{"line":4,"column":24},"end":{"line":4,"column":33}},"loc":{"start":{"line":4,"column":36},"end":{"line":187,"column":1}},"line":4},"1":{"name":"(anonymous_1)","decl":{"start":{"line":21,"column":18},"end":{"line":21,"column":19}},"loc":{"start":{"line":21,"column":30},"end":{"line":23,"column":2}},"line":21},"2":{"name":"onSubmit","decl":{"start":{"line":27,"column":10},"end":{"line":27,"column":18}},"loc":{"start":{"line":27,"column":54},"end":{"line":35,"column":2}},"line":27},"3":{"name":"(anonymous_3)","decl":{"start":{"line":32,"column":9},"end":{"line":32,"column":10}},"loc":{"start":{"line":32,"column":18},"end":{"line":32,"column":26}},"line":32},"4":{"name":"(anonymous_4)","decl":{"start":{"line":33,"column":9},"end":{"line":33,"column":10}},"loc":{"start":{"line":33,"column":19},"end":{"line":33,"column":44}},"line":33},"5":{"name":"(anonymous_5)","decl":{"start":{"line":34,"column":10},"end":{"line":34,"column":11}},"loc":{"start":{"line":34,"column":21},"end":{"line":34,"column":60}},"line":34},"6":{"name":"(anonymous_6)","decl":{"start":{"line":173,"column":16},"end":{"line":173,"column":17}},"loc":{"start":{"line":173,"column":23},"end":{"line":173,"column":52}},"line":173}},"branchMap":{"0":{"loc":{"start":{"line":29,"column":2},"end":{"line":29,"column":78}},"type":"if","locations":[{"start":{"line":29,"column":2},"end":{"line":29,"column":78}},{"start":{"line":29,"column":2},"end":{"line":29,"column":78}}],"line":29}},"s":{"0":0,"1":0,"2":0,"3":0,"4":0,"5":0,"6":0,"7":0,"8":0,"9":0,"10":0,"11":0,"12":0,"13":0,"14":0},"f":{"0":0,"1":0,"2":0,"3":0,"4":0,"5":0,"6":0},"b":{"0":[0,0]},"_coverageSchema":"1a1c01bbd47fc00a2c39e90264f33305004495a9","hash":"8a2021043035270c7ccd67b16f991e5268628b6a"}
,"C:\\JsEx\\Sanbox_2\\Module32-websocket\\client\\src\\components\\RegForm\\RegForm.tsx": {"path":"C:\\JsEx\\Sanbox_2\\Module32-websocket\\client\\src\\components\\RegForm\\RegForm.tsx","statementMap":{"0":{"start":{"line":5,"column":1},"end":{"line":13,"column":3}}},"fnMap":{"0":{"name":"RegForm","decl":{"start":{"line":4,"column":24},"end":{"line":4,"column":31}},"loc":{"start":{"line":4,"column":34},"end":{"line":14,"column":1}},"line":4}},"branchMap":{},"s":{"0":1},"f":{"0":1},"b":{},"_coverageSchema":"1a1c01bbd47fc00a2c39e90264f33305004495a9","hash":"04521a6ddce570a8717a5583764e569bc78b748e"}
,"C:\\JsEx\\Sanbox_2\\Module32-websocket\\client\\src\\components\\ValForm\\ValForm.tsx": {"path":"C:\\JsEx\\Sanbox_2\\Module32-websocket\\client\\src\\components\\ValForm\\ValForm.tsx","statementMap":{"0":{"start":{"line":11,"column":18},"end":{"line":11,"column":31}},"1":{"start":{"line":13,"column":27},"end":{"line":13,"column":39}},"2":{"start":{"line":14,"column":25},"end":{"line":14,"column":37}},"3":{"start":{"line":16,"column":31},"end":{"line":16,"column":43}},"4":{"start":{"line":17,"column":27},"end":{"line":17,"column":42}},"5":{"start":{"line":19,"column":16},"end":{"line":34,"column":2}},"6":{"start":{"line":20,"column":2},"end":{"line":20,"column":23}},"7":{"start":{"line":21,"column":2},"end":{"line":33,"column":6}},"8":{"start":{"line":26,"column":18},"end":{"line":26,"column":26}},"9":{"start":{"line":28,"column":4},"end":{"line":28,"column":60}},"10":{"start":{"line":29,"column":4},"end":{"line":29,"column":66}},"11":{"start":{"line":30,"column":4},"end":{"line":30,"column":59}},"12":{"start":{"line":31,"column":4},"end":{"line":31,"column":22}},"13":{"start":{"line":32,"column":4},"end":{"line":32,"column":30}},"14":{"start":{"line":36,"column":1},"end":{"line":41,"column":8}},"15":{"start":{"line":38,"column":2},"end":{"line":40,"column":5}},"16":{"start":{"line":44,"column":2},"end":{"line":44,"column":21}},"17":{"start":{"line":45,"column":2},"end":{"line":64,"column":6}},"18":{"start":{"line":50,"column":18},"end":{"line":50,"column":26}},"19":{"start":{"line":52,"column":4},"end":{"line":60,"column":5}},"20":{"start":{"line":53,"column":5},"end":{"line":53,"column":61}},"21":{"start":{"line":54,"column":5},"end":{"line":54,"column":67}},"22":{"start":{"line":55,"column":5},"end":{"line":55,"column":60}},"23":{"start":{"line":57,"column":5},"end":{"line":57,"column":23}},"24":{"start":{"line":58,"column":5},"end":{"line":58,"column":20}},"25":{"start":{"line":59,"column":5},"end":{"line":59,"column":37}},"26":{"start":{"line":63,"column":4},"end":{"line":63,"column":30}},"27":{"start":{"line":66,"column":1},"end":{"line":68,"column":2}},"28":{"start":{"line":67,"column":2},"end":{"line":67,"column":29}},"29":{"start":{"line":70,"column":1},"end":{"line":70,"column":22}},"30":{"start":{"line":72,"column":1},"end":{"line":116,"column":3}},"31":{"start":{"line":85,"column":23},"end":{"line":85,"column":47}},"32":{"start":{"line":92,"column":24},"end":{"line":92,"column":47}}},"fnMap":{"0":{"name":"ValForm","decl":{"start":{"line":10,"column":24},"end":{"line":10,"column":31}},"loc":{"start":{"line":10,"column":34},"end":{"line":117,"column":1}},"line":10},"1":{"name":"(anonymous_1)","decl":{"start":{"line":19,"column":16},"end":{"line":19,"column":17}},"loc":{"start":{"line":19,"column":34},"end":{"line":34,"column":2}},"line":19},"2":{"name":"(anonymous_2)","decl":{"start":{"line":26,"column":9},"end":{"line":26,"column":10}},"loc":{"start":{"line":26,"column":18},"end":{"line":26,"column":26}},"line":26},"3":{"name":"(anonymous_3)","decl":{"start":{"line":27,"column":9},"end":{"line":27,"column":10}},"loc":{"start":{"line":27,"column":19},"end":{"line":33,"column":4}},"line":27},"4":{"name":"(anonymous_4)","decl":{"start":{"line":36,"column":11},"end":{"line":36,"column":12}},"loc":{"start":{"line":36,"column":17},"end":{"line":41,"column":2}},"line":36},"5":{"name":"onSubmit","decl":{"start":{"line":43,"column":10},"end":{"line":43,"column":18}},"loc":{"start":{"line":43,"column":27},"end":{"line":65,"column":2}},"line":43},"6":{"name":"(anonymous_6)","decl":{"start":{"line":50,"column":9},"end":{"line":50,"column":10}},"loc":{"start":{"line":50,"column":18},"end":{"line":50,"column":26}},"line":50},"7":{"name":"(anonymous_7)","decl":{"start":{"line":51,"column":9},"end":{"line":51,"column":10}},"loc":{"start":{"line":51,"column":32},"end":{"line":61,"column":4}},"line":51},"8":{"name":"(anonymous_8)","decl":{"start":{"line":62,"column":10},"end":{"line":62,"column":11}},"loc":{"start":{"line":62,"column":21},"end":{"line":64,"column":4}},"line":62},"9":{"name":"(anonymous_9)","decl":{"start":{"line":85,"column":16},"end":{"line":85,"column":17}},"loc":{"start":{"line":85,"column":23},"end":{"line":85,"column":47}},"line":85},"10":{"name":"(anonymous_10)","decl":{"start":{"line":92,"column":17},"end":{"line":92,"column":18}},"loc":{"start":{"line":92,"column":24},"end":{"line":92,"column":47}},"line":92}},"branchMap":{"0":{"loc":{"start":{"line":52,"column":4},"end":{"line":60,"column":5}},"type":"if","locations":[{"start":{"line":52,"column":4},"end":{"line":60,"column":5}},{"start":{"line":52,"column":4},"end":{"line":60,"column":5}}],"line":52},"1":{"loc":{"start":{"line":66,"column":1},"end":{"line":68,"column":2}},"type":"if","locations":[{"start":{"line":66,"column":1},"end":{"line":68,"column":2}},{"start":{"line":66,"column":1},"end":{"line":68,"column":2}}],"line":66}},"s":{"0":0,"1":0,"2":0,"3":0,"4":0,"5":0,"6":0,"7":0,"8":0,"9":0,"10":0,"11":0,"12":0,"13":0,"14":0,"15":0,"16":0,"17":0,"18":0,"19":0,"20":0,"21":0,"22":0,"23":0,"24":0,"25":0,"26":0,"27":0,"28":0,"29":0,"30":0,"31":0,"32":0},"f":{"0":0,"1":0,"2":0,"3":0,"4":0,"5":0,"6":0,"7":0,"8":0,"9":0,"10":0},"b":{"0":[0,0],"1":[0,0]},"_coverageSchema":"1a1c01bbd47fc00a2c39e90264f33305004495a9","hash":"c72efc0e14e6cd6ff53082b6bdd2339f491cd9e0"}
,"C:\\JsEx\\Sanbox_2\\Module32-websocket\\client\\src\\interfaces\\interfaces.tsx": {"path":"C:\\JsEx\\Sanbox_2\\Module32-websocket\\client\\src\\interfaces\\interfaces.tsx","statementMap":{},"fnMap":{},"branchMap":{},"s":{},"f":{},"b":{}}
,"C:\\JsEx\\Sanbox_2\\Module32-websocket\\client\\src\\store\\index.tsx": {"path":"C:\\JsEx\\Sanbox_2\\Module32-websocket\\client\\src\\store\\index.tsx","statementMap":{"0":{"start":{"line":7,"column":20},"end":{"line":10,"column":2}},"1":{"start":{"line":12,"column":21},"end":{"line":15,"column":1}}},"fnMap":{},"branchMap":{},"s":{"0":0,"1":0},"f":{},"b":{}}
,"C:\\JsEx\\Sanbox_2\\Module32-websocket\\client\\src\\store\\actions\\asyncUserActions.tsx": {"path":"C:\\JsEx\\Sanbox_2\\Module32-websocket\\client\\src\\store\\actions\\asyncUserActions.tsx","statementMap":{"0":{"start":{"line":3,"column":26},"end":{"line":9,"column":1}},"1":{"start":{"line":4,"column":1},"end":{"line":8,"column":3}},"2":{"start":{"line":5,"column":2},"end":{"line":7,"column":55}},"3":{"start":{"line":6,"column":23},"end":{"line":6,"column":38}},"4":{"start":{"line":7,"column":19},"end":{"line":7,"column":53}}},"fnMap":{"0":{"name":"(anonymous_0)","decl":{"start":{"line":3,"column":26},"end":{"line":3,"column":27}},"loc":{"start":{"line":3,"column":32},"end":{"line":9,"column":1}},"line":3},"1":{"name":"(anonymous_1)","decl":{"start":{"line":4,"column":8},"end":{"line":4,"column":9}},"loc":{"start":{"line":4,"column":27},"end":{"line":8,"column":2}},"line":4},"2":{"name":"(anonymous_2)","decl":{"start":{"line":6,"column":9},"end":{"line":6,"column":10}},"loc":{"start":{"line":6,"column":23},"end":{"line":6,"column":38}},"line":6},"3":{"name":"(anonymous_3)","decl":{"start":{"line":7,"column":9},"end":{"line":7,"column":10}},"loc":{"start":{"line":7,"column":19},"end":{"line":7,"column":53}},"line":7}},"branchMap":{},"s":{"0":0,"1":0,"2":0,"3":0,"4":0},"f":{"0":0,"1":0,"2":0,"3":0},"b":{}}
,"C:\\JsEx\\Sanbox_2\\Module32-websocket\\client\\src\\store\\actions\\userActions.tsx": {"path":"C:\\JsEx\\Sanbox_2\\Module32-websocket\\client\\src\\store\\actions\\userActions.tsx","statementMap":{"0":{"start":{"line":1,"column":29},"end":{"line":1,"column":44}},"1":{"start":{"line":2,"column":24},"end":{"line":2,"column":34}},"2":{"start":{"line":4,"column":34},"end":{"line":7,"column":2}},"3":{"start":{"line":4,"column":53},"end":{"line":7,"column":1}},"4":{"start":{"line":9,"column":23},"end":{"line":12,"column":2}},"5":{"start":{"line":9,"column":42},"end":{"line":12,"column":1}}},"fnMap":{"0":{"name":"(anonymous_0)","decl":{"start":{"line":4,"column":34},"end":{"line":4,"column":35}},"loc":{"start":{"line":4,"column":53},"end":{"line":7,"column":1}},"line":4},"1":{"name":"(anonymous_1)","decl":{"start":{"line":9,"column":23},"end":{"line":9,"column":24}},"loc":{"start":{"line":9,"column":42},"end":{"line":12,"column":1}},"line":9}},"branchMap":{},"s":{"0":1,"1":1,"2":1,"3":0,"4":1,"5":0},"f":{"0":0,"1":0},"b":{},"_coverageSchema":"1a1c01bbd47fc00a2c39e90264f33305004495a9","hash":"180c9dc50d317ac5a1c4ac1b2d9e66573110a147"}
,"C:\\JsEx\\Sanbox_2\\Module32-websocket\\client\\src\\store\\actions\\CarsActions\\asyncCarsAction.tsx": {"path":"C:\\JsEx\\Sanbox_2\\Module32-websocket\\client\\src\\store\\actions\\CarsActions\\asyncCarsAction.tsx","statementMap":{"0":{"start":{"line":4,"column":27},"end":{"line":19,"column":1}},"1":{"start":{"line":5,"column":1},"end":{"line":18,"column":3}},"2":{"start":{"line":6,"column":2},"end":{"line":6,"column":23}},"3":{"start":{"line":7,"column":2},"end":{"line":17,"column":54}},"4":{"start":{"line":14,"column":4},"end":{"line":14,"column":21}},"5":{"start":{"line":15,"column":4},"end":{"line":15,"column":20}},"6":{"start":{"line":17,"column":19},"end":{"line":17,"column":52}},"7":{"start":{"line":21,"column":26},"end":{"line":32,"column":1}},"8":{"start":{"line":22,"column":1},"end":{"line":31,"column":3}},"9":{"start":{"line":23,"column":2},"end":{"line":30,"column":53}},"10":{"start":{"line":29,"column":18},"end":{"line":29,"column":26}},"11":{"start":{"line":30,"column":19},"end":{"line":30,"column":51}}},"fnMap":{"0":{"name":"(anonymous_0)","decl":{"start":{"line":4,"column":27},"end":{"line":4,"column":28}},"loc":{"start":{"line":4,"column":45},"end":{"line":19,"column":1}},"line":4},"1":{"name":"(anonymous_1)","decl":{"start":{"line":5,"column":8},"end":{"line":5,"column":9}},"loc":{"start":{"line":5,"column":27},"end":{"line":18,"column":2}},"line":5},"2":{"name":"(anonymous_2)","decl":{"start":{"line":13,"column":9},"end":{"line":13,"column":10}},"loc":{"start":{"line":13,"column":18},"end":{"line":16,"column":4}},"line":13},"3":{"name":"(anonymous_3)","decl":{"start":{"line":17,"column":9},"end":{"line":17,"column":10}},"loc":{"start":{"line":17,"column":19},"end":{"line":17,"column":52}},"line":17},"4":{"name":"(anonymous_4)","decl":{"start":{"line":21,"column":26},"end":{"line":21,"column":27}},"loc":{"start":{"line":21,"column":32},"end":{"line":32,"column":1}},"line":21},"5":{"name":"(anonymous_5)","decl":{"start":{"line":22,"column":8},"end":{"line":22,"column":9}},"loc":{"start":{"line":22,"column":27},"end":{"line":31,"column":2}},"line":22},"6":{"name":"(anonymous_6)","decl":{"start":{"line":29,"column":9},"end":{"line":29,"column":10}},"loc":{"start":{"line":29,"column":18},"end":{"line":29,"column":26}},"line":29},"7":{"name":"(anonymous_7)","decl":{"start":{"line":30,"column":9},"end":{"line":30,"column":10}},"loc":{"start":{"line":30,"column":19},"end":{"line":30,"column":51}},"line":30}},"branchMap":{},"s":{"0":1,"1":0,"2":0,"3":0,"4":0,"5":0,"6":0,"7":1,"8":0,"9":0,"10":0,"11":0},"f":{"0":0,"1":0,"2":0,"3":0,"4":0,"5":0,"6":0,"7":0},"b":{},"_coverageSchema":"1a1c01bbd47fc00a2c39e90264f33305004495a9","hash":"fb5ce67867e27e53bc259980796a177019eb6f02"}
,"C:\\JsEx\\Sanbox_2\\Module32-websocket\\client\\src\\store\\actions\\CarsActions\\carsActions.tsx": {"path":"C:\\JsEx\\Sanbox_2\\Module32-websocket\\client\\src\\store\\actions\\CarsActions\\carsActions.tsx","statementMap":{"0":{"start":{"line":3,"column":33},"end":{"line":6,"column":2}},"1":{"start":{"line":3,"column":52},"end":{"line":6,"column":1}},"2":{"start":{"line":8,"column":32},"end":{"line":11,"column":2}},"3":{"start":{"line":8,"column":51},"end":{"line":11,"column":1}}},"fnMap":{"0":{"name":"(anonymous_0)","decl":{"start":{"line":3,"column":33},"end":{"line":3,"column":34}},"loc":{"start":{"line":3,"column":52},"end":{"line":6,"column":1}},"line":3},"1":{"name":"(anonymous_1)","decl":{"start":{"line":8,"column":32},"end":{"line":8,"column":33}},"loc":{"start":{"line":8,"column":51},"end":{"line":11,"column":1}},"line":8}},"branchMap":{},"s":{"0":1,"1":0,"2":1,"3":0},"f":{"0":0,"1":0},"b":{},"_coverageSchema":"1a1c01bbd47fc00a2c39e90264f33305004495a9","hash":"460a7d8659eeabc23c7677d94f70e843bac1c250"}
,"C:\\JsEx\\Sanbox_2\\Module32-websocket\\client\\src\\store\\reducers\\carsReducers.tsx": {"path":"C:\\JsEx\\Sanbox_2\\Module32-websocket\\client\\src\\store\\reducers\\carsReducers.tsx","statementMap":{"0":{"start":{"line":4,"column":38},"end":{"line":4,"column":50}},"1":{"start":{"line":6,"column":29},"end":{"line":6,"column":44}},"2":{"start":{"line":7,"column":28},"end":{"line":7,"column":42}},"3":{"start":{"line":9,"column":27},"end":{"line":18,"column":1}},"4":{"start":{"line":10,"column":1},"end":{"line":17,"column":2}},"5":{"start":{"line":12,"column":3},"end":{"line":12,"column":45}},"6":{"start":{"line":14,"column":3},"end":{"line":14,"column":45}},"7":{"start":{"line":16,"column":3},"end":{"line":16,"column":16}}},"fnMap":{"0":{"name":"(anonymous_0)","decl":{"start":{"line":9,"column":27},"end":{"line":9,"column":28}},"loc":{"start":{"line":9,"column":72},"end":{"line":18,"column":1}},"line":9}},"branchMap":{"0":{"loc":{"start":{"line":9,"column":28},"end":{"line":9,"column":48}},"type":"default-arg","locations":[{"start":{"line":9,"column":36},"end":{"line":9,"column":48}}],"line":9},"1":{"loc":{"start":{"line":10,"column":1},"end":{"line":17,"column":2}},"type":"switch","locations":[{"start":{"line":11,"column":2},"end":{"line":12,"column":45}},{"start":{"line":13,"column":2},"end":{"line":14,"column":45}},{"start":{"line":15,"column":2},"end":{"line":16,"column":16}}],"line":10}},"s":{"0":1,"1":1,"2":1,"3":1,"4":0,"5":0,"6":0,"7":0},"f":{"0":0},"b":{"0":[0],"1":[0,0,0]},"_coverageSchema":"1a1c01bbd47fc00a2c39e90264f33305004495a9","hash":"24359972bb8cd14edbb9bf1f0fe0125c7200af80"}
,"C:\\JsEx\\Sanbox_2\\Module32-websocket\\client\\src\\store\\reducers\\userReducers.tsx": {"path":"C:\\JsEx\\Sanbox_2\\Module32-websocket\\client\\src\\store\\reducers\\userReducers.tsx","statementMap":{"0":{"start":{"line":3,"column":21},"end":{"line":3,"column":34}},"1":{"start":{"line":5,"column":27},"end":{"line":15,"column":1}},"2":{"start":{"line":6,"column":1},"end":{"line":14,"column":2}},"3":{"start":{"line":8,"column":3},"end":{"line":8,"column":67}},"4":{"start":{"line":11,"column":3},"end":{"line":11,"column":46}},"5":{"start":{"line":13,"column":3},"end":{"line":13,"column":16}}},"fnMap":{"0":{"name":"(anonymous_0)","decl":{"start":{"line":5,"column":27},"end":{"line":5,"column":28}},"loc":{"start":{"line":5,"column":66},"end":{"line":15,"column":1}},"line":5}},"branchMap":{"0":{"loc":{"start":{"line":5,"column":28},"end":{"line":5,"column":48}},"type":"default-arg","locations":[{"start":{"line":5,"column":36},"end":{"line":5,"column":48}}],"line":5},"1":{"loc":{"start":{"line":6,"column":1},"end":{"line":14,"column":2}},"type":"switch","locations":[{"start":{"line":7,"column":2},"end":{"line":8,"column":67}},{"start":{"line":10,"column":2},"end":{"line":11,"column":46}},{"start":{"line":12,"column":2},"end":{"line":13,"column":16}}],"line":6}},"s":{"0":0,"1":0,"2":0,"3":0,"4":0,"5":0},"f":{"0":0},"b":{"0":[0],"1":[0,0,0]}}
}
